This file contains any messages produced by compilers while
running configure, to aid debugging if configure makes a mistake.

It was created by jobgenerator configure 0.1, which was
generated by GNU Autoconf 2.69.  Invocation command line was

  $ /home/jsybrandt/Project/Distributed_Copy/jobGenerator/configure --enable-maintainer-mode CFLAGS=-g -O0 CXXFLAGS=-g -O0 JFLAGS=-g -O0 FFLAGS=-g -O0

## --------- ##
## Platform. ##
## --------- ##

hostname = localhost.localdomain
uname -m = x86_64
uname -r = 4.0.4-303.fc22.x86_64
uname -s = Linux
uname -v = #1 SMP Thu May 28 12:37:06 UTC 2015

/usr/bin/uname -p = x86_64
/bin/uname -X     = unknown

/bin/arch              = x86_64
/usr/bin/arch -k       = unknown
/usr/convex/getsysinfo = unknown
/usr/bin/hostinfo      = unknown
/bin/machine           = unknown
/usr/bin/oslevel       = unknown
/bin/universe          = unknown

PATH: /home/jsybrandt/bin
PATH: /usr/lib64/qt-3.3/bin
PATH: /usr/local/bin
PATH: /usr/local/sbin
PATH: /usr/bin
PATH: /usr/sbin
PATH: /bin
PATH: /sbin
PATH: /home/jsybrandt/.local/bin
PATH: /home/jsybrandt/bin


## ----------- ##
## Core tests. ##
## ----------- ##

configure:2332: checking for a BSD-compatible install
configure:2400: result: /usr/bin/install -c
configure:2411: checking whether build environment is sane
configure:2466: result: yes
configure:2617: checking for a thread-safe mkdir -p
configure:2656: result: /usr/bin/mkdir -p
configure:2663: checking for gawk
configure:2679: found /usr/bin/gawk
configure:2690: result: gawk
configure:2701: checking whether make sets $(MAKE)
configure:2723: result: yes
configure:2752: checking whether make supports nested variables
configure:2769: result: yes
configure:2907: checking whether make supports nested variables
configure:2924: result: yes
configure:2994: checking for g++
configure:3010: found /usr/bin/g++
configure:3021: result: g++
configure:3048: checking for C++ compiler version
configure:3057: g++ --version >&5
g++ (GCC) 5.1.1 20150618 (Red Hat 5.1.1-4)
Copyright (C) 2015 Free Software Foundation, Inc.
This is free software; see the source for copying conditions.  There is NO
warranty; not even for MERCHANTABILITY or FITNESS FOR A PARTICULAR PURPOSE.

configure:3068: $? = 0
configure:3057: g++ -v >&5
Using built-in specs.
COLLECT_GCC=g++
COLLECT_LTO_WRAPPER=/usr/libexec/gcc/x86_64-redhat-linux/5.1.1/lto-wrapper
Target: x86_64-redhat-linux
Configured with: ../configure --enable-bootstrap --enable-languages=c,c++,objc,obj-c++,fortran,ada,go,lto --prefix=/usr --mandir=/usr/share/man --infodir=/usr/share/info --with-bugurl=http://bugzilla.redhat.com/bugzilla --enable-shared --enable-threads=posix --enable-checking=release --enable-multilib --with-system-zlib --enable-__cxa_atexit --disable-libunwind-exceptions --enable-gnu-unique-object --enable-linker-build-id --with-linker-hash-style=gnu --enable-plugin --enable-initfini-array --disable-libgcj --with-default-libstdcxx-abi=c++98 --with-isl --enable-libmpx --enable-gnu-indirect-function --with-tune=generic --with-arch_32=i686 --build=x86_64-redhat-linux
Thread model: posix
gcc version 5.1.1 20150618 (Red Hat 5.1.1-4) (GCC) 
configure:3068: $? = 0
configure:3057: g++ -V >&5
g++: error: unrecognized command line option '-V'
g++: fatal error: no input files
compilation terminated.
configure:3068: $? = 1
configure:3057: g++ -qversion >&5
g++: error: unrecognized command line option '-qversion'
g++: fatal error: no input files
compilation terminated.
configure:3068: $? = 1
configure:3088: checking whether the C++ compiler works
configure:3110: g++ -g -O0   conftest.cpp  >&5
configure:3114: $? = 0
configure:3162: result: yes
configure:3165: checking for C++ compiler default output file name
configure:3167: result: a.out
configure:3173: checking for suffix of executables
configure:3180: g++ -o conftest -g -O0   conftest.cpp  >&5
configure:3184: $? = 0
configure:3206: result: 
configure:3228: checking whether we are cross compiling
configure:3236: g++ -o conftest -g -O0   conftest.cpp  >&5
configure:3240: $? = 0
configure:3247: ./conftest
configure:3251: $? = 0
configure:3266: result: no
configure:3271: checking for suffix of object files
configure:3293: g++ -c -g -O0  conftest.cpp >&5
configure:3297: $? = 0
configure:3318: result: o
configure:3322: checking whether we are using the GNU C++ compiler
configure:3341: g++ -c -g -O0  conftest.cpp >&5
configure:3341: $? = 0
configure:3350: result: yes
configure:3359: checking whether g++ accepts -g
configure:3379: g++ -c -g  conftest.cpp >&5
configure:3379: $? = 0
configure:3420: result: yes
configure:3454: checking for style of include used by make
configure:3482: result: GNU
configure:3508: checking dependency style of g++
configure:3619: result: gcc3
configure:3639: checking whether NLS is requested
configure:3648: result: yes
configure:3666: checking for intltool >= 0.35.0
configure:3668: result: 0.51.0 found
configure:3676: checking for intltool-update
configure:3694: found /usr/bin/intltool-update
configure:3706: result: /usr/bin/intltool-update
configure:3716: checking for intltool-merge
configure:3734: found /usr/bin/intltool-merge
configure:3746: result: /usr/bin/intltool-merge
configure:3756: checking for intltool-extract
configure:3774: found /usr/bin/intltool-extract
configure:3786: result: /usr/bin/intltool-extract
configure:3940: checking for xgettext
configure:3958: found /usr/bin/xgettext
configure:3970: result: /usr/bin/xgettext
configure:3980: checking for msgmerge
configure:3998: found /usr/bin/msgmerge
configure:4010: result: /usr/bin/msgmerge
configure:4020: checking for msgfmt
configure:4038: found /usr/bin/msgfmt
configure:4050: result: /usr/bin/msgfmt
configure:4060: checking for gmsgfmt
configure:4091: result: /usr/bin/msgfmt
configure:4111: checking for perl
configure:4129: found /usr/bin/perl
configure:4141: result: /usr/bin/perl
configure:4152: checking for perl >= 5.8.1
configure:4159: result: 5.20.2
configure:4163: checking for XML::Parser
configure:4166: result: ok
configure:4222: checking build system type
configure:4236: result: x86_64-unknown-linux-gnu
configure:4256: checking host system type
configure:4269: result: x86_64-unknown-linux-gnu
configure:4310: checking how to print strings
configure:4337: result: printf
configure:4406: checking for gcc
configure:4422: found /usr/bin/gcc
configure:4433: result: gcc
configure:4662: checking for C compiler version
configure:4671: gcc --version >&5
gcc (GCC) 5.1.1 20150618 (Red Hat 5.1.1-4)
Copyright (C) 2015 Free Software Foundation, Inc.
This is free software; see the source for copying conditions.  There is NO
warranty; not even for MERCHANTABILITY or FITNESS FOR A PARTICULAR PURPOSE.

configure:4682: $? = 0
configure:4671: gcc -v >&5
Using built-in specs.
COLLECT_GCC=gcc
COLLECT_LTO_WRAPPER=/usr/libexec/gcc/x86_64-redhat-linux/5.1.1/lto-wrapper
Target: x86_64-redhat-linux
Configured with: ../configure --enable-bootstrap --enable-languages=c,c++,objc,obj-c++,fortran,ada,go,lto --prefix=/usr --mandir=/usr/share/man --infodir=/usr/share/info --with-bugurl=http://bugzilla.redhat.com/bugzilla --enable-shared --enable-threads=posix --enable-checking=release --enable-multilib --with-system-zlib --enable-__cxa_atexit --disable-libunwind-exceptions --enable-gnu-unique-object --enable-linker-build-id --with-linker-hash-style=gnu --enable-plugin --enable-initfini-array --disable-libgcj --with-default-libstdcxx-abi=c++98 --with-isl --enable-libmpx --enable-gnu-indirect-function --with-tune=generic --with-arch_32=i686 --build=x86_64-redhat-linux
Thread model: posix
gcc version 5.1.1 20150618 (Red Hat 5.1.1-4) (GCC) 
configure:4682: $? = 0
configure:4671: gcc -V >&5
gcc: error: unrecognized command line option '-V'
gcc: fatal error: no input files
compilation terminated.
configure:4682: $? = 1
configure:4671: gcc -qversion >&5
gcc: error: unrecognized command line option '-qversion'
gcc: fatal error: no input files
compilation terminated.
configure:4682: $? = 1
configure:4686: checking whether we are using the GNU C compiler
configure:4705: gcc -c -g -O0  conftest.c >&5
configure:4705: $? = 0
configure:4714: result: yes
configure:4723: checking whether gcc accepts -g
configure:4743: gcc -c -g  conftest.c >&5
configure:4743: $? = 0
configure:4784: result: yes
configure:4801: checking for gcc option to accept ISO C89
configure:4864: gcc  -c -g -O0  conftest.c >&5
configure:4864: $? = 0
configure:4877: result: none needed
configure:4902: checking whether gcc understands -c and -o together
configure:4924: gcc -c conftest.c -o conftest2.o
configure:4927: $? = 0
configure:4924: gcc -c conftest.c -o conftest2.o
configure:4927: $? = 0
configure:4939: result: yes
configure:4958: checking dependency style of gcc
configure:5069: result: gcc3
configure:5084: checking for a sed that does not truncate output
configure:5148: result: /usr/bin/sed
configure:5166: checking for grep that handles long lines and -e
configure:5224: result: /usr/bin/grep
configure:5229: checking for egrep
configure:5291: result: /usr/bin/grep -E
configure:5296: checking for fgrep
configure:5358: result: /usr/bin/grep -F
configure:5393: checking for ld used by gcc
configure:5460: result: /usr/bin/ld
configure:5467: checking if the linker (/usr/bin/ld) is GNU ld
configure:5482: result: yes
configure:5494: checking for BSD- or MS-compatible name lister (nm)
configure:5543: result: /usr/bin/nm -B
configure:5673: checking the name lister (/usr/bin/nm -B) interface
configure:5680: gcc -c -g -O0  conftest.c >&5
configure:5683: /usr/bin/nm -B "conftest.o"
configure:5686: output
0000000000000000 B some_variable
configure:5693: result: BSD nm
configure:5696: checking whether ln -s works
configure:5700: result: yes
configure:5708: checking the maximum length of command line arguments
configure:5838: result: 1572864
configure:5855: checking whether the shell understands some XSI constructs
configure:5865: result: yes
configure:5869: checking whether the shell understands "+="
configure:5875: result: yes
configure:5910: checking how to convert x86_64-unknown-linux-gnu file names to x86_64-unknown-linux-gnu format
configure:5950: result: func_convert_file_noop
configure:5957: checking how to convert x86_64-unknown-linux-gnu file names to toolchain format
configure:5977: result: func_convert_file_noop
configure:5984: checking for /usr/bin/ld option to reload object files
configure:5991: result: -r
configure:6065: checking for objdump
configure:6081: found /usr/bin/objdump
configure:6092: result: objdump
configure:6124: checking how to recognize dependent libraries
configure:6326: result: pass_all
configure:6411: checking for dlltool
configure:6441: result: no
configure:6471: checking how to associate runtime and link libraries
configure:6498: result: printf %s\n
configure:6559: checking for ar
configure:6575: found /usr/bin/ar
configure:6586: result: ar
configure:6623: checking for archiver @FILE support
configure:6640: gcc -c -g -O0  conftest.c >&5
configure:6640: $? = 0
configure:6643: ar cru libconftest.a @conftest.lst >&5
ar: `u' modifier ignored since `D' is the default (see `U')
configure:6646: $? = 0
configure:6651: ar cru libconftest.a @conftest.lst >&5
ar: `u' modifier ignored since `D' is the default (see `U')
ar: conftest.o: No such file or directory
configure:6654: $? = 1
configure:6666: result: @
configure:6724: checking for strip
configure:6740: found /usr/bin/strip
configure:6751: result: strip
configure:6823: checking for ranlib
configure:6839: found /usr/bin/ranlib
configure:6850: result: ranlib
configure:6952: checking command to parse /usr/bin/nm -B output from gcc object
configure:7072: gcc -c -g -O0  conftest.c >&5
configure:7075: $? = 0
configure:7079: /usr/bin/nm -B conftest.o \| sed -n -e 's/^.*[ ]\([ABCDGIRSTW][ABCDGIRSTW]*\)[ ][ ]*\([_A-Za-z][_A-Za-z0-9]*\)$/\1 \2 \2/p' | sed '/ __gnu_lto/d' \> conftest.nm
configure:7082: $? = 0
configure:7148: gcc -o conftest -g -O0   conftest.c conftstm.o >&5
configure:7151: $? = 0
configure:7189: result: ok
configure:7226: checking for sysroot
configure:7256: result: no
configure:7333: gcc -c -g -O0  conftest.c >&5
configure:7336: $? = 0
configure:7518: checking for mt
configure:7548: result: no
configure:7568: checking if : is a manifest tool
configure:7574: : '-?'
configure:7582: result: no
configure:8224: checking how to run the C preprocessor
configure:8255: gcc -E  conftest.c
configure:8255: $? = 0
configure:8269: gcc -E  conftest.c
conftest.c:12:28: fatal error: ac_nonexistent.h: No such file or directory
compilation terminated.
configure:8269: $? = 1
configure: failed program was:
| /* confdefs.h */
| #define PACKAGE_NAME "jobgenerator"
| #define PACKAGE_TARNAME "jobgenerator"
| #define PACKAGE_VERSION "0.1"
| #define PACKAGE_STRING "jobgenerator 0.1"
| #define PACKAGE_BUGREPORT ""
| #define PACKAGE_URL ""
| #define PACKAGE "jobgenerator"
| #define VERSION "0.1"
| #define GETTEXT_PACKAGE "jobgenerator"
| /* end confdefs.h.  */
| #include <ac_nonexistent.h>
configure:8294: result: gcc -E
configure:8314: gcc -E  conftest.c
configure:8314: $? = 0
configure:8328: gcc -E  conftest.c
conftest.c:12:28: fatal error: ac_nonexistent.h: No such file or directory
compilation terminated.
configure:8328: $? = 1
configure: failed program was:
| /* confdefs.h */
| #define PACKAGE_NAME "jobgenerator"
| #define PACKAGE_TARNAME "jobgenerator"
| #define PACKAGE_VERSION "0.1"
| #define PACKAGE_STRING "jobgenerator 0.1"
| #define PACKAGE_BUGREPORT ""
| #define PACKAGE_URL ""
| #define PACKAGE "jobgenerator"
| #define VERSION "0.1"
| #define GETTEXT_PACKAGE "jobgenerator"
| /* end confdefs.h.  */
| #include <ac_nonexistent.h>
configure:8357: checking for ANSI C header files
configure:8377: gcc -c -g -O0  conftest.c >&5
configure:8377: $? = 0
configure:8450: gcc -o conftest -g -O0   conftest.c  >&5
configure:8450: $? = 0
configure:8450: ./conftest
configure:8450: $? = 0
configure:8461: result: yes
configure:8474: checking for sys/types.h
configure:8474: gcc -c -g -O0  conftest.c >&5
configure:8474: $? = 0
configure:8474: result: yes
configure:8474: checking for sys/stat.h
configure:8474: gcc -c -g -O0  conftest.c >&5
configure:8474: $? = 0
configure:8474: result: yes
configure:8474: checking for stdlib.h
configure:8474: gcc -c -g -O0  conftest.c >&5
configure:8474: $? = 0
configure:8474: result: yes
configure:8474: checking for string.h
configure:8474: gcc -c -g -O0  conftest.c >&5
configure:8474: $? = 0
configure:8474: result: yes
configure:8474: checking for memory.h
configure:8474: gcc -c -g -O0  conftest.c >&5
configure:8474: $? = 0
configure:8474: result: yes
configure:8474: checking for strings.h
configure:8474: gcc -c -g -O0  conftest.c >&5
configure:8474: $? = 0
configure:8474: result: yes
configure:8474: checking for inttypes.h
configure:8474: gcc -c -g -O0  conftest.c >&5
configure:8474: $? = 0
configure:8474: result: yes
configure:8474: checking for stdint.h
configure:8474: gcc -c -g -O0  conftest.c >&5
configure:8474: $? = 0
configure:8474: result: yes
configure:8474: checking for unistd.h
configure:8474: gcc -c -g -O0  conftest.c >&5
configure:8474: $? = 0
configure:8474: result: yes
configure:8488: checking for dlfcn.h
configure:8488: gcc -c -g -O0  conftest.c >&5
configure:8488: $? = 0
configure:8488: result: yes
configure:8705: checking for objdir
configure:8720: result: .libs
configure:8987: checking if gcc supports -fno-rtti -fno-exceptions
configure:9005: gcc -c -g -O0  -fno-rtti -fno-exceptions conftest.c >&5
cc1: warning: command line option '-fno-rtti' is valid for C++/ObjC++ but not for C
configure:9009: $? = 0
configure:9022: result: no
configure:9349: checking for gcc option to produce PIC
configure:9356: result: -fPIC -DPIC
configure:9364: checking if gcc PIC flag -fPIC -DPIC works
configure:9382: gcc -c -g -O0  -fPIC -DPIC -DPIC conftest.c >&5
configure:9386: $? = 0
configure:9399: result: yes
configure:9428: checking if gcc static flag -static works
configure:9456: result: no
configure:9471: checking if gcc supports -c -o file.o
configure:9492: gcc -c -g -O0  -o out/conftest2.o conftest.c >&5
configure:9496: $? = 0
configure:9518: result: yes
configure:9526: checking if gcc supports -c -o file.o
configure:9573: result: yes
configure:9606: checking whether the gcc linker (/usr/bin/ld -m elf_x86_64) supports shared libraries
configure:10759: result: yes
configure:10796: checking whether -lc should be explicitly linked in
configure:10804: gcc -c -g -O0  conftest.c >&5
configure:10807: $? = 0
configure:10822: gcc -shared  -fPIC -DPIC conftest.o  -v -Wl,-soname -Wl,conftest -o conftest 2\>\&1 \| /usr/bin/grep  -lc  \>/dev/null 2\>\&1
configure:10825: $? = 0
configure:10839: result: no
configure:10999: checking dynamic linker characteristics
configure:11510: gcc -o conftest -g -O0   -Wl,-rpath -Wl,/foo conftest.c  >&5
configure:11510: $? = 0
configure:11736: result: GNU/Linux ld.so
configure:11843: checking how to hardcode library paths into programs
configure:11868: result: immediate
configure:12408: checking whether stripping libraries is possible
configure:12413: result: yes
configure:12448: checking if libtool supports shared libraries
configure:12450: result: yes
configure:12453: checking whether to build shared libraries
configure:12474: result: yes
configure:12477: checking whether to build static libraries
configure:12481: result: yes
configure:12504: checking how to run the C++ preprocessor
configure:12531: g++ -E  conftest.cpp
configure:12531: $? = 0
configure:12545: g++ -E  conftest.cpp
conftest.cpp:24:28: fatal error: ac_nonexistent.h: No such file or directory
compilation terminated.
configure:12545: $? = 1
configure: failed program was:
| /* confdefs.h */
| #define PACKAGE_NAME "jobgenerator"
| #define PACKAGE_TARNAME "jobgenerator"
| #define PACKAGE_VERSION "0.1"
| #define PACKAGE_STRING "jobgenerator 0.1"
| #define PACKAGE_BUGREPORT ""
| #define PACKAGE_URL ""
| #define PACKAGE "jobgenerator"
| #define VERSION "0.1"
| #define GETTEXT_PACKAGE "jobgenerator"
| #define STDC_HEADERS 1
| #define HAVE_SYS_TYPES_H 1
| #define HAVE_SYS_STAT_H 1
| #define HAVE_STDLIB_H 1
| #define HAVE_STRING_H 1
| #define HAVE_MEMORY_H 1
| #define HAVE_STRINGS_H 1
| #define HAVE_INTTYPES_H 1
| #define HAVE_STDINT_H 1
| #define HAVE_UNISTD_H 1
| #define HAVE_DLFCN_H 1
| #define LT_OBJDIR ".libs/"
| /* end confdefs.h.  */
| #include <ac_nonexistent.h>
configure:12570: result: g++ -E
configure:12590: g++ -E  conftest.cpp
configure:12590: $? = 0
configure:12604: g++ -E  conftest.cpp
conftest.cpp:24:28: fatal error: ac_nonexistent.h: No such file or directory
compilation terminated.
configure:12604: $? = 1
configure: failed program was:
| /* confdefs.h */
| #define PACKAGE_NAME "jobgenerator"
| #define PACKAGE_TARNAME "jobgenerator"
| #define PACKAGE_VERSION "0.1"
| #define PACKAGE_STRING "jobgenerator 0.1"
| #define PACKAGE_BUGREPORT ""
| #define PACKAGE_URL ""
| #define PACKAGE "jobgenerator"
| #define VERSION "0.1"
| #define GETTEXT_PACKAGE "jobgenerator"
| #define STDC_HEADERS 1
| #define HAVE_SYS_TYPES_H 1
| #define HAVE_SYS_STAT_H 1
| #define HAVE_STDLIB_H 1
| #define HAVE_STRING_H 1
| #define HAVE_MEMORY_H 1
| #define HAVE_STRINGS_H 1
| #define HAVE_INTTYPES_H 1
| #define HAVE_STDINT_H 1
| #define HAVE_UNISTD_H 1
| #define HAVE_DLFCN_H 1
| #define LT_OBJDIR ".libs/"
| /* end confdefs.h.  */
| #include <ac_nonexistent.h>
configure:12773: checking for ld used by g++
configure:12840: result: /usr/bin/ld -m elf_x86_64
configure:12847: checking if the linker (/usr/bin/ld -m elf_x86_64) is GNU ld
configure:12862: result: yes
configure:12917: checking whether the g++ linker (/usr/bin/ld -m elf_x86_64) supports shared libraries
configure:13922: result: yes
configure:13958: g++ -c -g -O0  conftest.cpp >&5
configure:13961: $? = 0
configure:14481: checking for g++ option to produce PIC
configure:14488: result: -fPIC -DPIC
configure:14496: checking if g++ PIC flag -fPIC -DPIC works
configure:14514: g++ -c -g -O0  -fPIC -DPIC -DPIC conftest.cpp >&5
configure:14518: $? = 0
configure:14531: result: yes
configure:14554: checking if g++ static flag -static works
configure:14582: result: no
configure:14594: checking if g++ supports -c -o file.o
configure:14615: g++ -c -g -O0  -o out/conftest2.o conftest.cpp >&5
configure:14619: $? = 0
configure:14641: result: yes
configure:14646: checking if g++ supports -c -o file.o
configure:14693: result: yes
configure:14723: checking whether the g++ linker (/usr/bin/ld -m elf_x86_64) supports shared libraries
configure:14759: result: yes
configure:14900: checking dynamic linker characteristics
configure:15571: result: GNU/Linux ld.so
configure:15624: checking how to hardcode library paths into programs
configure:15649: result: immediate
configure:15826: checking that generated files are newer than configure
configure:15832: result: done
configure:15863: creating ./config.status

## ---------------------- ##
## Running config.status. ##
## ---------------------- ##

This file was extended by jobgenerator config.status 0.1, which was
generated by GNU Autoconf 2.69.  Invocation command line was

  CONFIG_FILES    = 
  CONFIG_HEADERS  = 
  CONFIG_LINKS    = 
  CONFIG_COMMANDS = 
  $ ./config.status 

on localhost.localdomain

config.status:1202: creating Makefile
config.status:1202: creating src/Makefile
config.status:1202: creating po/Makefile.in
config.status:1202: creating config.h
config.status:1416: executing depfiles commands
config.status:1416: executing libtool commands
config.status:1416: executing po/stamp-it commands
configure:18371: WARNING: unrecognized options: --enable-maintainer-mode

## ---------------- ##
## Cache variables. ##
## ---------------- ##

ac_cv_build=x86_64-unknown-linux-gnu
ac_cv_c_compiler_gnu=yes
ac_cv_cxx_compiler_gnu=yes
ac_cv_env_CCC_set=
ac_cv_env_CCC_value=
ac_cv_env_CC_set=
ac_cv_env_CC_value=
ac_cv_env_CFLAGS_set=set
ac_cv_env_CFLAGS_value='-g -O0'
ac_cv_env_CPPFLAGS_set=
ac_cv_env_CPPFLAGS_value=
ac_cv_env_CPP_set=
ac_cv_env_CPP_value=
ac_cv_env_CXXCPP_set=
ac_cv_env_CXXCPP_value=
ac_cv_env_CXXFLAGS_set=set
ac_cv_env_CXXFLAGS_value='-g -O0'
ac_cv_env_CXX_set=
ac_cv_env_CXX_value=
ac_cv_env_LDFLAGS_set=
ac_cv_env_LDFLAGS_value=
ac_cv_env_LIBS_set=
ac_cv_env_LIBS_value=
ac_cv_env_build_alias_set=
ac_cv_env_build_alias_value=
ac_cv_env_host_alias_set=
ac_cv_env_host_alias_value=
ac_cv_env_target_alias_set=
ac_cv_env_target_alias_value=
ac_cv_header_dlfcn_h=yes
ac_cv_header_inttypes_h=yes
ac_cv_header_memory_h=yes
ac_cv_header_stdc=yes
ac_cv_header_stdint_h=yes
ac_cv_header_stdlib_h=yes
ac_cv_header_string_h=yes
ac_cv_header_strings_h=yes
ac_cv_header_sys_stat_h=yes
ac_cv_header_sys_types_h=yes
ac_cv_header_unistd_h=yes
ac_cv_host=x86_64-unknown-linux-gnu
ac_cv_objext=o
ac_cv_path_EGREP='/usr/bin/grep -E'
ac_cv_path_FGREP='/usr/bin/grep -F'
ac_cv_path_GMSGFMT=/usr/bin/msgfmt
ac_cv_path_GREP=/usr/bin/grep
ac_cv_path_INTLTOOL_EXTRACT=/usr/bin/intltool-extract
ac_cv_path_INTLTOOL_MERGE=/usr/bin/intltool-merge
ac_cv_path_INTLTOOL_PERL=/usr/bin/perl
ac_cv_path_INTLTOOL_UPDATE=/usr/bin/intltool-update
ac_cv_path_MSGFMT=/usr/bin/msgfmt
ac_cv_path_MSGMERGE=/usr/bin/msgmerge
ac_cv_path_SED=/usr/bin/sed
ac_cv_path_XGETTEXT=/usr/bin/xgettext
ac_cv_path_install='/usr/bin/install -c'
ac_cv_path_mkdir=/usr/bin/mkdir
ac_cv_prog_AWK=gawk
ac_cv_prog_CPP='gcc -E'
ac_cv_prog_CXXCPP='g++ -E'
ac_cv_prog_ac_ct_AR=ar
ac_cv_prog_ac_ct_CC=gcc
ac_cv_prog_ac_ct_CXX=g++
ac_cv_prog_ac_ct_OBJDUMP=objdump
ac_cv_prog_ac_ct_RANLIB=ranlib
ac_cv_prog_ac_ct_STRIP=strip
ac_cv_prog_cc_c89=
ac_cv_prog_cc_g=yes
ac_cv_prog_cxx_g=yes
ac_cv_prog_make_make_set=yes
am_cv_CC_dependencies_compiler_type=gcc3
am_cv_CXX_dependencies_compiler_type=gcc3
am_cv_make_support_nested_variables=yes
am_cv_prog_cc_c_o=yes
lt_cv_ar_at_file=@
lt_cv_archive_cmds_need_lc=no
lt_cv_deplibs_check_method=pass_all
lt_cv_file_magic_cmd='$MAGIC_CMD'
lt_cv_file_magic_test_file=
lt_cv_ld_reload_flag=-r
lt_cv_nm_interface='BSD nm'
lt_cv_objdir=.libs
lt_cv_path_LD=/usr/bin/ld
lt_cv_path_LDCXX='/usr/bin/ld -m elf_x86_64'
lt_cv_path_NM='/usr/bin/nm -B'
lt_cv_path_mainfest_tool=no
lt_cv_prog_compiler_c_o=yes
lt_cv_prog_compiler_c_o_CXX=yes
lt_cv_prog_compiler_pic='-fPIC -DPIC'
lt_cv_prog_compiler_pic_CXX='-fPIC -DPIC'
lt_cv_prog_compiler_pic_works=yes
lt_cv_prog_compiler_pic_works_CXX=yes
lt_cv_prog_compiler_rtti_exceptions=no
lt_cv_prog_compiler_static_works=no
lt_cv_prog_compiler_static_works_CXX=no
lt_cv_prog_gnu_ld=yes
lt_cv_prog_gnu_ldcxx=yes
lt_cv_sharedlib_from_linklib_cmd='printf %s\n'
lt_cv_shlibpath_overrides_runpath=no
lt_cv_sys_global_symbol_pipe='sed -n -e '\''s/^.*[	 ]\([ABCDGIRSTW][ABCDGIRSTW]*\)[	 ][	 ]*\([_A-Za-z][_A-Za-z0-9]*\)$/\1 \2 \2/p'\'' | sed '\''/ __gnu_lto/d'\'''
lt_cv_sys_global_symbol_to_c_name_address='sed -n -e '\''s/^: \([^ ]*\)[ ]*$/  {\"\1\", (void *) 0},/p'\'' -e '\''s/^[ABCDGIRSTW]* \([^ ]*\) \([^ ]*\)$/  {"\2", (void *) \&\2},/p'\'''
lt_cv_sys_global_symbol_to_c_name_address_lib_prefix='sed -n -e '\''s/^: \([^ ]*\)[ ]*$/  {\"\1\", (void *) 0},/p'\'' -e '\''s/^[ABCDGIRSTW]* \([^ ]*\) \(lib[^ ]*\)$/  {"\2", (void *) \&\2},/p'\'' -e '\''s/^[ABCDGIRSTW]* \([^ ]*\) \([^ ]*\)$/  {"lib\2", (void *) \&\2},/p'\'''
lt_cv_sys_global_symbol_to_cdecl='sed -n -e '\''s/^T .* \(.*\)$/extern int \1();/p'\'' -e '\''s/^[ABCDGIRSTW]* .* \(.*\)$/extern char \1;/p'\'''
lt_cv_sys_max_cmd_len=1572864
lt_cv_to_host_file_cmd=func_convert_file_noop
lt_cv_to_tool_file_cmd=func_convert_file_noop

## ----------------- ##
## Output variables. ##
## ----------------- ##

ACLOCAL='${SHELL} /home/jsybrandt/Project/Distributed_Copy/jobGenerator/missing aclocal-1.15'
ALL_LINGUAS=''
AMDEPBACKSLASH='\'
AMDEP_FALSE='#'
AMDEP_TRUE=''
AMTAR='$${TAR-tar}'
AM_BACKSLASH='\'
AM_DEFAULT_V='$(AM_DEFAULT_VERBOSITY)'
AM_DEFAULT_VERBOSITY='0'
AM_V='$(V)'
AR='ar'
AUTOCONF='${SHELL} /home/jsybrandt/Project/Distributed_Copy/jobGenerator/missing autoconf'
AUTOHEADER='${SHELL} /home/jsybrandt/Project/Distributed_Copy/jobGenerator/missing autoheader'
AUTOMAKE='${SHELL} /home/jsybrandt/Project/Distributed_Copy/jobGenerator/missing automake-1.15'
AWK='gawk'
CC='gcc'
CCDEPMODE='depmode=gcc3'
CFLAGS='-g -O0'
CPP='gcc -E'
CPPFLAGS=''
CXX='g++'
CXXCPP='g++ -E'
CXXDEPMODE='depmode=gcc3'
CXXFLAGS='-g -O0'
CYGPATH_W='echo'
DEFS='-DHAVE_CONFIG_H'
DEPDIR='.deps'
DLLTOOL='false'
DSYMUTIL=''
DUMPBIN=''
ECHO_C=''
ECHO_N='-n'
ECHO_T=''
EGREP='/usr/bin/grep -E'
EXEEXT=''
FGREP='/usr/bin/grep -F'
GETTEXT_PACKAGE='jobgenerator'
GMSGFMT='/usr/bin/msgfmt'
GREP='/usr/bin/grep'
INSTALL_DATA='${INSTALL} -m 644'
INSTALL_PROGRAM='${INSTALL}'
INSTALL_SCRIPT='${INSTALL}'
INSTALL_STRIP_PROGRAM='$(install_sh) -c -s'
INTLTOOL_CAVES_RULE='%.caves:     %.caves.in     $(INTLTOOL_MERGE) $(wildcard $(top_srcdir)/po/*.po) ; $(INTLTOOL_V_MERGE)LC_ALL=C $(INTLTOOL_MERGE) $(INTLTOOL_V_MERGE_OPTIONS) -d -u -c $(top_builddir)/po/.intltool-merge-cache $(top_srcdir)/po $< $@'
INTLTOOL_DESKTOP_RULE='%.desktop:   %.desktop.in   $(INTLTOOL_MERGE) $(wildcard $(top_srcdir)/po/*.po) ; $(INTLTOOL_V_MERGE)LC_ALL=C $(INTLTOOL_MERGE) $(INTLTOOL_V_MERGE_OPTIONS) -d -u -c $(top_builddir)/po/.intltool-merge-cache $(top_srcdir)/po $< $@'
INTLTOOL_DIRECTORY_RULE='%.directory: %.directory.in $(INTLTOOL_MERGE) $(wildcard $(top_srcdir)/po/*.po) ; $(INTLTOOL_V_MERGE)LC_ALL=C $(INTLTOOL_MERGE) $(INTLTOOL_V_MERGE_OPTIONS) -d -u -c $(top_builddir)/po/.intltool-merge-cache $(top_srcdir)/po $< $@'
INTLTOOL_EXTRACT='/usr/bin/intltool-extract'
INTLTOOL_KBD_RULE='%.kbd:       %.kbd.in       $(INTLTOOL_MERGE) $(wildcard $(top_srcdir)/po/*.po) ; $(INTLTOOL_V_MERGE)LC_ALL=C $(INTLTOOL_MERGE) $(INTLTOOL_V_MERGE_OPTIONS) -x -u -m -c $(top_builddir)/po/.intltool-merge-cache $(top_srcdir)/po $< $@'
INTLTOOL_KEYS_RULE='%.keys:      %.keys.in      $(INTLTOOL_MERGE) $(wildcard $(top_srcdir)/po/*.po) ; $(INTLTOOL_V_MERGE)LC_ALL=C $(INTLTOOL_MERGE) $(INTLTOOL_V_MERGE_OPTIONS) -k -u -c $(top_builddir)/po/.intltool-merge-cache $(top_srcdir)/po $< $@'
INTLTOOL_MERGE='/usr/bin/intltool-merge'
INTLTOOL_OAF_RULE='%.oaf:       %.oaf.in       $(INTLTOOL_MERGE) $(wildcard $(top_srcdir)/po/*.po) ; $(INTLTOOL_V_MERGE)LC_ALL=C $(INTLTOOL_MERGE) $(INTLTOOL_V_MERGE_OPTIONS) -o -p $(top_srcdir)/po $< $@'
INTLTOOL_PERL='/usr/bin/perl'
INTLTOOL_POLICY_RULE='%.policy:    %.policy.in    $(INTLTOOL_MERGE) $(wildcard $(top_srcdir)/po/*.po) ; $(INTLTOOL_V_MERGE)LC_ALL=C $(INTLTOOL_MERGE) $(INTLTOOL_V_MERGE_OPTIONS) -x -u -c $(top_builddir)/po/.intltool-merge-cache $(top_srcdir)/po $< $@'
INTLTOOL_PONG_RULE='%.pong:      %.pong.in      $(INTLTOOL_MERGE) $(wildcard $(top_srcdir)/po/*.po) ; $(INTLTOOL_V_MERGE)LC_ALL=C $(INTLTOOL_MERGE) $(INTLTOOL_V_MERGE_OPTIONS) -x -u -c $(top_builddir)/po/.intltool-merge-cache $(top_srcdir)/po $< $@'
INTLTOOL_PROP_RULE='%.prop:      %.prop.in      $(INTLTOOL_MERGE) $(wildcard $(top_srcdir)/po/*.po) ; $(INTLTOOL_V_MERGE)LC_ALL=C $(INTLTOOL_MERGE) $(INTLTOOL_V_MERGE_OPTIONS) -d -u -c $(top_builddir)/po/.intltool-merge-cache $(top_srcdir)/po $< $@'
INTLTOOL_SCHEMAS_RULE='%.schemas:   %.schemas.in   $(INTLTOOL_MERGE) $(wildcard $(top_srcdir)/po/*.po) ; $(INTLTOOL_V_MERGE)LC_ALL=C $(INTLTOOL_MERGE) $(INTLTOOL_V_MERGE_OPTIONS) -s -u -c $(top_builddir)/po/.intltool-merge-cache $(top_srcdir)/po $< $@'
INTLTOOL_SERVER_RULE='%.server:    %.server.in    $(INTLTOOL_MERGE) $(wildcard $(top_srcdir)/po/*.po) ; $(INTLTOOL_V_MERGE)LC_ALL=C $(INTLTOOL_MERGE) $(INTLTOOL_V_MERGE_OPTIONS) -o -u -c $(top_builddir)/po/.intltool-merge-cache $(top_srcdir)/po $< $@'
INTLTOOL_SERVICE_RULE='%.service: %.service.in   $(INTLTOOL_MERGE) $(wildcard $(top_srcdir)/po/*.po) ; $(INTLTOOL_V_MERGE)LC_ALL=C $(INTLTOOL_MERGE) $(INTLTOOL_V_MERGE_OPTIONS) -d -u -c $(top_builddir)/po/.intltool-merge-cache $(top_srcdir)/po $< $@'
INTLTOOL_SHEET_RULE='%.sheet:     %.sheet.in     $(INTLTOOL_MERGE) $(wildcard $(top_srcdir)/po/*.po) ; $(INTLTOOL_V_MERGE)LC_ALL=C $(INTLTOOL_MERGE) $(INTLTOOL_V_MERGE_OPTIONS) -x -u -c $(top_builddir)/po/.intltool-merge-cache $(top_srcdir)/po $< $@'
INTLTOOL_SOUNDLIST_RULE='%.soundlist: %.soundlist.in $(INTLTOOL_MERGE) $(wildcard $(top_srcdir)/po/*.po) ; $(INTLTOOL_V_MERGE)LC_ALL=C $(INTLTOOL_MERGE) $(INTLTOOL_V_MERGE_OPTIONS) -d -u -c $(top_builddir)/po/.intltool-merge-cache $(top_srcdir)/po $< $@'
INTLTOOL_THEME_RULE='%.theme:     %.theme.in     $(INTLTOOL_MERGE) $(wildcard $(top_srcdir)/po/*.po) ; $(INTLTOOL_V_MERGE)LC_ALL=C $(INTLTOOL_MERGE) $(INTLTOOL_V_MERGE_OPTIONS) -d -u -c $(top_builddir)/po/.intltool-merge-cache $(top_srcdir)/po $< $@'
INTLTOOL_UI_RULE='%.ui:        %.ui.in        $(INTLTOOL_MERGE) $(wildcard $(top_srcdir)/po/*.po) ; $(INTLTOOL_V_MERGE)LC_ALL=C $(INTLTOOL_MERGE) $(INTLTOOL_V_MERGE_OPTIONS) -x -u -c $(top_builddir)/po/.intltool-merge-cache $(top_srcdir)/po $< $@'
INTLTOOL_UPDATE='/usr/bin/intltool-update'
INTLTOOL_V_MERGE='$(INTLTOOL__v_MERGE_$(V))'
INTLTOOL_V_MERGE_OPTIONS='$(intltool__v_merge_options_$(V))'
INTLTOOL_XAM_RULE='%.xam:       %.xml.in       $(INTLTOOL_MERGE) $(wildcard $(top_srcdir)/po/*.po) ; $(INTLTOOL_V_MERGE)LC_ALL=C $(INTLTOOL_MERGE) $(INTLTOOL_V_MERGE_OPTIONS) -x -u -c $(top_builddir)/po/.intltool-merge-cache $(top_srcdir)/po $< $@'
INTLTOOL_XML_NOMERGE_RULE='%.xml:       %.xml.in       $(INTLTOOL_MERGE) ; $(INTLTOOL_V_MERGE)LC_ALL=C $(INTLTOOL_MERGE) $(INTLTOOL_V_MERGE_OPTIONS) -x -u --no-translations $< $@'
INTLTOOL_XML_RULE='%.xml:       %.xml.in       $(INTLTOOL_MERGE) $(wildcard $(top_srcdir)/po/*.po) ; $(INTLTOOL_V_MERGE)LC_ALL=C $(INTLTOOL_MERGE) $(INTLTOOL_V_MERGE_OPTIONS) -x -u -c $(top_builddir)/po/.intltool-merge-cache $(top_srcdir)/po $< $@'
INTLTOOL__v_MERGE_0='@echo "  ITMRG " $@;'
INTLTOOL__v_MERGE_='$(INTLTOOL__v_MERGE_$(AM_DEFAULT_VERBOSITY))'
LD='/usr/bin/ld -m elf_x86_64'
LDFLAGS=''
LIBOBJS=''
LIBS=''
LIBTOOL='$(SHELL) $(top_builddir)/libtool'
LIPO=''
LN_S='ln -s'
LTLIBOBJS=''
MAKEINFO='${SHELL} /home/jsybrandt/Project/Distributed_Copy/jobGenerator/missing makeinfo'
MANIFEST_TOOL=':'
MKDIR_P='/usr/bin/mkdir -p'
MSGFMT='/usr/bin/msgfmt'
MSGMERGE='/usr/bin/msgmerge'
NM='/usr/bin/nm -B'
NMEDIT=''
OBJDUMP='objdump'
OBJEXT='o'
OTOOL64=''
OTOOL=''
PACKAGE='jobgenerator'
PACKAGE_BUGREPORT=''
PACKAGE_NAME='jobgenerator'
PACKAGE_STRING='jobgenerator 0.1'
PACKAGE_TARNAME='jobgenerator'
PACKAGE_URL=''
PACKAGE_VERSION='0.1'
PATH_SEPARATOR=':'
RANLIB='ranlib'
SED='/usr/bin/sed'
SET_MAKE=''
SHELL='/bin/sh'
STRIP='strip'
USE_NLS='yes'
VERSION='0.1'
XGETTEXT='/usr/bin/xgettext'
ac_ct_AR='ar'
ac_ct_CC='gcc'
ac_ct_CXX='g++'
ac_ct_DUMPBIN=''
am__EXEEXT_FALSE=''
am__EXEEXT_TRUE='#'
am__fastdepCC_FALSE='#'
am__fastdepCC_TRUE=''
am__fastdepCXX_FALSE='#'
am__fastdepCXX_TRUE=''
am__include='include'
am__isrc=' -I$(srcdir)'
am__leading_dot='.'
am__nodep='_no'
am__quote=''
am__tar='$${TAR-tar} chof - "$$tardir"'
am__untar='$${TAR-tar} xf -'
bindir='${exec_prefix}/bin'
build='x86_64-unknown-linux-gnu'
build_alias=''
build_cpu='x86_64'
build_os='linux-gnu'
build_vendor='unknown'
datadir='${datarootdir}'
datarootdir='${prefix}/share'
docdir='${datarootdir}/doc/${PACKAGE_TARNAME}'
dvidir='${docdir}'
exec_prefix='${prefix}'
host='x86_64-unknown-linux-gnu'
host_alias=''
host_cpu='x86_64'
host_os='linux-gnu'
host_vendor='unknown'
htmldir='${docdir}'
includedir='${prefix}/include'
infodir='${datarootdir}/info'
install_sh='${SHELL} /home/jsybrandt/Project/Distributed_Copy/jobGenerator/install-sh'
intltool__v_merge_options_0='-q'
intltool__v_merge_options_='$(intltool__v_merge_options_$(AM_DEFAULT_VERBOSITY))'
libdir='${exec_prefix}/lib'
libexecdir='${exec_prefix}/libexec'
localedir='${datarootdir}/locale'
localstatedir='${prefix}/var'
mandir='${datarootdir}/man'
mkdir_p='$(MKDIR_P)'
oldincludedir='/usr/include'
pdfdir='${docdir}'
prefix='/usr/local'
program_transform_name='s,x,x,'
psdir='${docdir}'
sbindir='${exec_prefix}/sbin'
sharedstatedir='${prefix}/com'
sysconfdir='${prefix}/etc'
target_alias=''

## ----------- ##
## confdefs.h. ##
## ----------- ##

/* confdefs.h */
#define PACKAGE_NAME "jobgenerator"
#define PACKAGE_TARNAME "jobgenerator"
#define PACKAGE_VERSION "0.1"
#define PACKAGE_STRING "jobgenerator 0.1"
#define PACKAGE_BUGREPORT ""
#define PACKAGE_URL ""
#define PACKAGE "jobgenerator"
#define VERSION "0.1"
#define GETTEXT_PACKAGE "jobgenerator"
#define STDC_HEADERS 1
#define HAVE_SYS_TYPES_H 1
#define HAVE_SYS_STAT_H 1
#define HAVE_STDLIB_H 1
#define HAVE_STRING_H 1
#define HAVE_MEMORY_H 1
#define HAVE_STRINGS_H 1
#define HAVE_INTTYPES_H 1
#define HAVE_STDINT_H 1
#define HAVE_UNISTD_H 1
#define HAVE_DLFCN_H 1
#define LT_OBJDIR ".libs/"

configure: exit 0

## ---------------------- ##
## Running config.status. ##
## ---------------------- ##

This file was extended by jobgenerator config.status 0.1, which was
generated by GNU Autoconf 2.69.  Invocation command line was

  CONFIG_FILES    = 
  CONFIG_HEADERS  = 
  CONFIG_LINKS    = 
  CONFIG_COMMANDS = 
  $ ./config.status src/Makefile depfiles

on localhost.localdomain

config.status:1202: creating src/Makefile
config.status:1416: executing depfiles commands
